<?xml version="1.0" encoding="UTF-8"?>
<!-- Generated by org.testng.reporters.JUnitReportReporter -->
<testsuite hostname="DESKTOP-SVK5H14" failures="0" tests="2" name="org.com.project.PracticeTest" time="0.040" errors="0" timestamp="2022-07-18T18:07:37 IST" skipped="0">
  <testcase classname="org.com.project.PracticeTest" name="demo" time="0.020"/>
  <system-out/>
  <testcase classname="org.com.project.PracticeTest" name="demo1" time="0.020"/>
  <system-out/>
</testsuite> <!-- org.com.project.PracticeTest -->
